starting task 
using 4 CPUs
Sat Feb 25 14:15:32 EST 2023
Iteration 0
Iteration 1
Iteration 2
Iteration 3
Iteration 4
Iteration 5
Iteration 6
Iteration 7
Iteration 8
Iteration 9
[[ 0.57588842  0.21313491  0.32960851 -0.15796911]
 [ 0.86304352  1.30114865  0.67383307  0.682228  ]
 [-1.48741972 -0.15206889 -0.24484239 -0.32147332]
 [-0.32633735 -0.65786285 -0.56876061  0.61021747]
 [ 0.54569788  0.54433249  1.20750347  0.03881707]
 [-0.00811357  1.51091646 -0.01672392 -0.52451416]
 [-1.04118492 -0.26239945 -0.97180327 -0.79144896]
 [-0.5045637  -0.18253335  0.39968936 -0.09007591]
 [ 0.55073472  1.12717217  0.73135859  0.0804618 ]
 [ 0.74228454  0.0387874  -0.27322656  0.80801232]
 [-0.65832028  0.36152659  0.7283852  -0.72861633]
 [-0.89584971 -1.60373672 -1.20769465  0.7214726 ]
 [-0.53929876  0.59301834 -0.45813242 -0.60760092]
 [ 0.45952472 -0.10946442 -1.13031615  0.15051881]
 [ 0.45675523 -0.82095195  0.45036855 -0.51512201]
 [ 0.32434967  0.0077479  -0.63288698 -0.83972536]
 [-0.66851356 -1.08615542 -0.01773936 -2.60096076]
 [-0.20039043 -0.18927023  0.06693096 -1.62124421]
 [ 0.75872686 -0.29009973 -0.09016933 -0.59754806]
 [-0.84509515 -0.3157923  -0.23566543 -0.20050828]]
Finish Run
end time is Sat Feb 25 14:26:27 EST 2023
